[    0.000000]Initializing cgroup subsys cpuset
[    0.000000] Initializing cgroup subsys cpu
[    0.0000] Initializing cgroup subsys cpuacct
[    0.000000] Linux version 4.4.0-141-generic (buildd@lcy01-amd64-006) (gcc version 5.4.0 20160609 (Ubuntu 5.4.0-6ubuntu1~16.04.10) ) #167-Ubuntu SMP Wed Dec 5 10:40:15 UTC 2018 (Ubuntu 4.4.0-141.167-generic 4.4.162)
[    0.000000] Command line: BOOT_IMAGE=/boot/vmlinuz-4.4.0-141-generic root=LABEL=cloudimg-rootfs ro console=ty1 conle=ttyS0
[    0.000000] KERNEL supported cpus:
[    0.00000]   Intel Genuinntel
[    .000000]   MD AuthenticAMD
[    0.000000]   Centaur CentaurHauls
[    0.000000] x86/fpu: xstate_offset[2]:  576, xstate_sizes[2]:  256
[    0.000000] x86/fpu: Supporting XSAVE feature 0x01: 'x87 oainpoint registers'
[    0.000000] x86/fpu: Supporting XSAVE feature 0x02: 'SSE registers'
[    0.000000] x86/fp Supporting XSAVE feature 0x04: 'AVX registrs'
[    0.000000] x86/fpu: Enabled xstate features 0x7, context size is 832 bytes, using 'standard' format.
[    0.000000] e820: BIOS-provided physical RAM map:
[    0.000000] BIOS-e820: [mem 0x00000000000000-0x000000000009fbff] usable
[    0.000000] BIOS-e820: [mem 0x00000000009fc00-0x000000000009ffff] reserved
[    0.000000] BIOS-e820: [mem 0x00000000000f0000-0x00000000000fffff] reserved
[    0.000000] BIOS-e820: [mem 0x0000000000100000-0x000000003ffeffff] usable
[    0.000000] BIOS-e820: [mem 0x000000003fff0000-0x000000003fffffff] ACPI data
[    0.000000] BIOS-e820: [mem 0x00000000fec00000-0x00000000fec00fff] reserved
[    0.000000] BIOS-e820: [mem 0x00000000fee00000-0x00000000fee00fff] reserved
[    0.000000] BIOS-e820: [mem 0x00000000fffc0000-0x00000000ffffffff] reserved
[    0.000000] NX (Execute Disable) protection: active
[    0.000000] SMBIOS 2.5 present.
[    0.000000] Hypervisor detected: KVM
[    0.000000] e820: last_pfn = 0x3fff0 max_arch_pfn = 0x400000000
[    0.000000] MTRR: Disabled
[    0.000000] x86/PAT: MTRRs disabled, skipping PAT initialization too.
[    0.000000] CPU MTRRs all blank - virtualized system.
[    0.000000] x86/PAT: Configuration [0-7]: WB  WT  UC- UC  WB  WT  UC- UC  
[    0.000000] found SMP MP-table at [mem 0x0009fff0-0x0009ffff] mapped at [ffff88000009fff0]
[    0.000000] Scanning 1 areas for low memory corruption
[    0.000000] RAMDISK: [mem 0x36304000-0x37179fff]
[    0.000000] ACPI: Early table checksum verification disabled
[    0.000000] ACPI: RSDP 0x00000000000E0000 000024 (v02 VBOX  )
[    0.000000] ACPI: XSDT 0x000000003FFF0030 00003C (v01 VBOX VBOXXSDT 00000001 ASL  00000061)
[    0.000000] ACPI: FACP 0x000000003FFF00F0 0000F4 (v04 VBOX   VBOXFACP 00000001 ASL  00000061)
[    0.000000] ACPI: DSDT 0x000000003FFF0470 0021FF (v02 VBOX   VBOXBIOS 00000002 INTL 20180105)
[    0.000000] ACPI: FACS 0x000000003FFF0200 000040
[    0.000000] ACPI: FACS 0x000000003FFF0200 000040
[    .000000] ACPI: APIC 0x000000003FFF0240 00005C (v02 VBOX   VBOXAPIC 00000001 ASL  00000061)
[    0.000000] ACPI: SSDT 0x000000003FFF02A0 0001CC (v01 VBOX   VBOXCPUT 00000002 INTL 20180105)
[    0.000000] No NUMA configuration found
[    00000 Faking a node at [mem 0x0000000000000000-0x000000003ffeffff]
[    0.000000] NODE_DATA(0) allocated [mem 0x3ffeb000-0x3effff]
[    0.000000] kvm-clock: Using msrs 4b564d01 and 4b564d00
[    0.000000] kvm-clock: cpu 0, msr 0:3ffe3001, primary cpu clock
[    0.000000] kvm-clock: using sched offset of624888261cycles
[    0.000000] clocksource: kvm-clk: mask: 0xffffffffffffffff max_cycles: 0x1cd42e4dffb, max_idle_ns: 881590591483 ns
[    0.000000] Zone ranges:
[    0.000000]   DMA      [mem 0x0000000000001000-0x000000000ffffff]
[    0.000000]   DMA32    [mem 0x0000000001000000-0x000000003ffeffff]
[    0.000000]   Norl  empty
[    0.000000]   Device   empty
[    0.000000] Movable zone start foeach node[    0.000000] Early memory node ranges
[    0.000000]   node   0: [mem 0x000000001000-0x00000009efff]
[    0.000000]   node   0: [mem 0x0000000000100000-0x000000003ffeffff]
[    0.000000] Initmem setup node 0 [mem 0x0000000000001000-0x000000003ffeffff]
[    0.000000] ACPI: PM-Timer IO Port: 0x4008
[    0.000000] IOAPIC[0]: apic_id 2, version 32, addressxf0000, GSI 0-23
[    0.000000] ACPI: INT_SRC_OVR (bus 0 bus_irq 0 global_irq 2 dfl dfl)
[    0.000000] ACPI: INT_SRC_OVR (bus 0 bus_irq 9 global_irq 9 low level)
[    0.000000] Using ACPI (MADT) for SMP configuration information
[    0.000000] smpboot: Allowing 2 CPUs, 0 hotplug CPUs
[    0.000000] PM: Registered nosave memory: [mem 0x00000000-000000fff]
[    0.000000] PM: Registered nosave memory: [mem x0009f000-0x0009ffff]
[    0.000000] P Registered nosave memory: [mem 0x000a0000-0x000effff]
[    0.000000] PM: Registered nosave memory: [mem 0x000f0000-0x000fffff]
[    0.000000] e820: [mem 0x40000000-0xfebfffff] available for PCI devices
[    0.000000] Booting paravirtualized kernel on KVM
[    0.000000] clocksource: refined-jiffies: mask: 0xffffffff max_cycles: 0xffffffff, max_idle_ns: 7645519600211568 ns
[    0.000000] setup_percpu: NR_CPUS:512 nr_cpumask_bits:512 nr_cpu_ids:2 nr_node_ids:1
[    0.000000] PERCPU: Embedded 34 pages/cpu @ffff88003fc00000 s99608 r8192 d31464 u1048576
[    0.000000] PV qspinlock hash table entries: 256 (order: 0, 4096 bytes)
[    0.000000] Built 1 zonelists in Node order, mobility grouping on.  Total pages: 257912
[    0.000000] Policy zone: DMA32
[   0.000000] Kernel command line: BOOT_IMAGE=/boot/vmlinuz-4.4.0-141-generic oo=LBEL=cloudimg-rootfs ro console=tty1 console=ttyS0
[   0.000000] PID hash table entries: 4096 (order: 3, 32768 bytes)
[    0.000000Memory: 997696K/104820K available (568K kernel code, 1314K rwdata, 4008K rodata, 1528K init, 1316K bss, 50424K reserved, 0K cma-reserved)
[    0.000000] SLUB: HWalign=64, Order=0-3, MinObjects=0, CPUs=2, Nodes=1
[    0.000000] Kernel/User page tables isolation: enabled
[    0.000000] Hierarchical RCU implementation.
[    0.000000] uild-timeadjustment of leaf fanout to 64.
[    0.000000] 	RCU restricting CPUs from NR_CPUS=512 to nr_cpu_ids=2.
[    0.000000] RCU: Adjusting geometry for rcu_fanout_leaf=64, nr_cpu_ids=2
[    0.000000] NR_IRQS:33024 nr_irqs:440 16
[    0.000000] Console: colour VGA+ 80x25
[    0.000000] console [tty1] enabled
[    0.000000] console [ttyS0] enabled
[    000000] tsc: Deteed 3364.848 MHz processor
[    1.312813] Calibrating delay loop (skipped) preset value.. 6729.69 BogoMIPS (lpj=13459392)
[    1.325407] pid_max: default: 32768 minimum: 301
[    1.333624] ACPI: Core revision 20150930
[    1.336048] ACPI: 2 ACPI AML tables successfully acquired and loaded
[    1.338783] Security Framework initialized
[    1.345015] Yama: becoming mindful.
[    1.352118] AppArmor: AppArmor initialized
[    1.354270] Dentry cache hash table entries: 131072 (order: 8, 1048576 bytes)
[    1.356834] Inode-cache hash table entries: 65536 (order: 7, 524288 bytes)
[    1.358213] Mount-cache hash table entries: 2048 (order: 2, 16384 bytes)
[    1.359578] Mountpoint-cache hash table entries: 2048 (order: 2, 16384 bytes)
[    1.361439] Initializing cgroup subsys io
[    1.368726] Initializing cgroup subsys memory
[    1.373174] Initializing cgroup subsys devices
[    1.379612] Initializing cgroup subsys freezer
[    1.380653] Initializing cgroup subsys net_cls
[    1.381681] Initializing cgroup subsys perf_event
[    1.388150] Initializing cgroup subsys net_prio
[    1.389264] Initializing cgroup subsys hugetlb
[    1.390314] Initializing cgroup subsys pids
[    1.392235] mce: CPU supports 0 MCE banks
[    1.393303] Last level iTLB entries: 4KB 1024, 2MB 1024, 4MB 1024
[    1.394618] Last level dTLB entries: 4KB 1024, 2MB 1024, 4MB 1024, 1GB 4
[    1.396028] Spectre V2 : Mitigation: Full generic retpoline
[    1.397213] Spectre V2 : Spectre v2 mitigation: Speculation control IBPB not-supported IBRS not-supported
[    1.398850] Spectre V2 : Spectre v2 / SpectreRSB mitigation: Filling RSB on context switch
[    1.416343] Speculative Store Bypass: Vulnerable
[    1.430775] Freeing SMP alternatives memory: 32K
[    1.440793] ftrace: allocating 32291 entries in 127 pages
[    1.515208] smpboot: APIC(0) Converting physical 0 to logical package 0
[    1.529871] smpboot: Max logical packages: 1
[    1.534490] x2apic enabled
[    1.535354] Switched APIC routing to physical x2apic.
[    1.537322] ..TIMER: vector=0x30 apic1=0 pin1=2 apic2=-1 pin2=-1
[    1.650124] smpboot: CPU0: Intel(R) Core(TM) i3-4130 CPU @ 3.40GHz (family: 0x6, model: 0x3c, stepping: 0x3)
[    1.653731] Performance Events: unsupported p6 CPU model 60 no PMU driver, software events only.
[    1.655836] KVM setup paravirtual spinlock
[    1.657403] x86: Booting SMP configuration:
[    1.658269] .... node  #0, CPUs:      #1
     1.664746] kvm-clock: cpu 1, msr 0:3ffe3041, secondary cpu clock
[    1.682901] mce: CPU supports 0 MCE banks
[    1.685520] x86: Booted up 1 node, 2 CPUs
[    1.698231] smpboot: Total of 2 processors activated (13459.39 BogoMIPS)
[    1.699890] devtmpfs: initialized
[    1.709536] evm: security.selinux
[    1.724841] evm: security.SMACK64
[    1.725665] evm: security.SMACK64EXEC
[    1.727623] evm: security.SMACK64TRANSMUTE
[    1.728597] evm: security.SMACK64MMAP
[    1.732092] evm: security.ima
[    1.732869] evm: security.capability
[    1.734033] clocksource: jiffies: mask: 0xffffffff max_cycles: 0xffffffff, max_idle_ns: 7645041785100000 ns
[    1.737248] futex hash table entries: 512 (order: 3, 32768 bytes)
[    1.738779] pinctrl core: initialized pinctrl subsystem
[    1.745414] RTC time: 21:40:40, date: 06/29/19
[    1.747805] NET: Registered protocol family 16
[    1.759426] cpuidle: using governor ladder
[    1.775723] cpuidle: using governor menu
[    1.784926] PCCT header not found.
[    1.785851] ACPI: bus type PCI registered
[    1.792135] acpiphp: ACPI Hot Plug PCI Controller Driver version: 0.5
[    1.800061] PCI: Using configuration type 1 for base access
[    1.812108] ACPI: Added _OSI(Module Device)
[    1.818693] ACPI: Added _OSI(Processor Device)
[    1.819917] ACPI: Added _OSI(3.0 _SCP Extensions)
[    1.826228] ACPI: Added _OSI(Processor Aggregator Device)
[    1.829652] ACPI: Executed 1 blocks of module-level executable AML code
[    1.834036] ACPI: Interpreter enabled
[    1.835905] ACPI: (supports S0 S5)
[    1.836687] ACPI: Using IOAPIC for interrupt routing
[    1.844153] PCI: Using host bridge windows from ACPI; if necessary, use "pci=nocrs" and report a bug
[    1.854888] ACPI: PCI Root Bridge [PCI0] (domain 0000 [bus 00-ff])
[    1.869403] acpi PNP0A03:00: _OSC: OS supports [ASPM ClockPM Segments MSI]
[    1.870851] acpi PNP0A03:00: _OSC: not requesting OS control; OS requires [ExtendedConfig ASPM ClockPM MSI]
[    1.873064] acpi PNP0A03:00: fail to add MMCONFIG information, can't access extended PCI configuration space under this bridge.
[    1.882258] PCI host bridge to bus 0000:00
[    1.884403] pci_bus 0000:00: root bus resource [io  0x0000-0x0cf7 window]
[    1.885785] pci_bus 0000:00: root bus resource [io  0x0d00-0xffff window]
[    1.887166] pci_bus 0000:00: root bus resource [mem 0x000a0000-0x000bffff window]
[    1.889053] pci_bus 0000:00: root bus resource [mem 0x40000000-0xfdffffff window]
[    1.893392] pci_bus 0000:00: root bus resource [bus 00-ff]
[    1.903867] pci 0000:00:01.1: legacy IDE quirk: reg 0x10: [io  0x01f0-0x01f7]
[    1.905385] pci 0000:00:01.1: legacy IDE quirk: reg 0x14: [io  0x03f6]
[    1.909063] pci 0000:00:01.1: legacy IDE quirk: reg 0x18: [io  0x0170-0x0177]
[    1.915731] pci 0000:00:01.1: legacy IDE quirk: reg 0x1c: [io  0x0376]
[    1.942076] pci 0000:00:07.0: quirk: [io  0x4000-0x403f] claimed by PIIX4 ACPI
[    1.949550] pci 0000:00:07.0: quirk: [io  0x4100-0x410f] claimed by PIIX4 SMB
[    1.966577] ACPI: PCI Interrupt Link [LNKA] (IRQs 5 9 10 *11)
[    1.973817] ACPI: PCI Interrupt Link [LNKB] (IRQs 5 9 *10 11)
[    1.975512] ACPI: PCI Interrupt Link [LNKC] (IRQs 5 *9 10 11)
[    1.977221] ACPI: PCI Interrupt Link [LNKD] (IRQs 5 9 10 *11)
[    1.985551] ACPI: Enabled 2 GPEs in block 00 to 07
[    1.992449] vgaarb: setting as boot device: PCI:0000:00:02.0
[    1.998704] vgaarb: device added: PCI:0000:00:02.0,decodes=io+mem,owns=io+mem,locks=none
[    2.011262] vgaarb: loaded
[    2.020755] vgaarb: bridge control possible 0000:00:02.0
[    2.025656] SCSI subsystem initialized
[    2.026526] ACPI: bus type USB registered
[    2.038016] usbcore: registered new interface driver usbfs
[    2.041729] usbcore: registered new interface driver hub
[    2.042847] usbcore: registered new device driver usb
[    2.050798] PCI: Using ACPI for IRQ routing
[    2.051936] NetLabel: Initializing
[    2.055019] NetLabel:  domain hash size = 128
[    2.056024] NetLabel:  protocols = UNLABELED CIPSOv4
[    2.058329] NetLabel:  unlabeled traffic allowed by default
[    2.059827] amd_nb: Cannot enumerate AMD northbridges
[    2.061004] clocksource: Switched to clocksource kvm-clock
[    2.068960] AppArmor: AppArmor Filesystem Enabled
[    2.070229] pnp: PnP ACPI init
[    2.080912] pnp: PnP ACPI: found 3 devices
[    2.090665] clocksource: acpi_pm: mask: 0xffffff max_cycles: 0xffffff, max_idle_ns: 2085701024 ns
[   2.922]NET: Registered protocol family 2

[    2.199858] TCP established hash table entries: 8192 (order: 4, 65536 bytes)
[    2.207233] TCP bind hash table entries: 8192 (order: 5, 131072 bytes)
[    2.208442] TCP: Hash tables configured (established 8192 bind 8192)
[    2.212338] UDP hash table entries: 512 (order: 2164 te
[    2.380708] UDP-Lite hash table entries: 512 (order: 2, 16384 bytes)
[    2.391] T: Ristered protocol family 1
[    2.59898] pci 0000:00:00.0: Limitng direct PCI/PCI trsfers
[    2.628083] pci 0000:00:01.0: Activating ISA DMA hang workarounds
[    2.629395] Unpacking initramfs...

[    2.813086] Freeing initrd memory: 14808K
[    2.833671] RAPL PMU detected, API unit is 2^-32 Joules, 4 fixed counters 10737418240 ms ovfl timer
[    2.842137] hw unit of domain pp0-core 2^-0 Joules
[    2.845585] hw unit of domain package 2^-0 Joules
[    2.881777] hw unit of domain dram 2^-0 Joules
[    2.882868] hw unit of domain pp1-gpu 2^-0 Joules
[    2.902303] platform rtc_cmos: registered platform RTC device (no PNP device found)
[    2.913555] Scanning for low memory corruption every 60 seconds
[    2.915417] audit: initializing netlink subsys (disabled)
[    2.916604] audit: type=2000 audit(1561844445.093:1): initialized
[    2.918297] Initialise system trusted keyring
[    2.952907] HugeTLB registered 2 MB page size, pre-allocated 0 pages
[    2.964690] zbud: loaded
[    2.965953] VFS: Disk quotas dquot_6.6.0
[    2.966956] VFS: Dquot-cache hash table entries: 512 (order 0, 4096 bytes)
[   229968700] squashfs: version 4.0 (2009/01/31) Phillip Lougher
[    3.014042] fuse init (API version 7.23)
[    3.023693] Key type big_key registered
[    3.026022] Allocating IMA MOK and blacklist keyrings.
[    3.028225] Key type asymmetric registered
[    3.029080] Asymmetric key parser 'x509' registered
[    3.030111] Block layer SCSI generic (bsg) driver version 0.4 loaded (major 249)
[    3.031737] io scheduler noop registered
[    3.032596] io scheduler deadline registered (default)
[    3.043428] io scheduler cfq registered
[    3.068253] pci_hotplug: PCI Hot Plug PCI Core version: 0.5
[    3.069344] pciehp: PCI Express Hot Plug Controller Driver version: 0.4
[    3.084749] ACPI: AC Adapter [AC] (on-line)
[    3.124576] input: Power Button as /devices/LNXSYSTM:00/LNXPWRBN:00/input/input0
[    3.135011] ACPI: Power Button [PWRF]
[    3.143012] input: Sleep Button as /devices/LNXSYSTM:00/LNXSLPBN:00/input/input1
[    3.147522] ACPI: Sleep Button [SLPF]
[    3.148574] GHES: HEST is not enabled!
[    3.149571] Serial: 8250/16550 driver, 32 ports, IRQ sharing enabled
[    3.172656] 00:02: ttyS0 at I/O 0x3f8 (irq = 4, base_baud = 115200) is a 16550A
[    3.175275] Linux agpgart interface v0.103
[    3.181113] loop: module loaded
[    3.182868] scsi host0: ata_piix
[    3.184011] scsi host1: ata_piix
[    3.185016] ata1: PATA max UDMA/33 cmd 0x1f0 ctl 0x3f6 bmdma 0xd000 irq 14
[    3.195036] ata2: PATA max UDMA/33 cmd 0x170 ctl 0x376 bmdma 0xd008 irq 15
[    3.197261] libphy: Fixed MDIO Bus: probed
[    3.206583] tun: Universal TUN/TAP device driver, 1.6
[    3.211715] tun: (C) 1999-2004 Max Krasnyansky <maxk@qualcomm.com>
[    3.213161] PPP generic driver version 2.4.2
[    3.250365] ehci_hcd: USB 2.0 'Enhanced' Host Controller (EHCI) Driver
[    3.253991] ehci-pci: EHCI PCI platform driver
[    3.255061] ehci-platform: EHCI generic platform driver
[    3.295927] ohci_hcd: USB 1.1 'Open' Host Controller (OHCI) Driver
[    3.355880] ohci-pci: OHCI PCI platform driver
[    3.371798] ohci-platform: OHCI generic platform driver
[    3.387689] uhci_hcd: USB Universal Host Controller Interface driver
[    3.388980] i8042: PNP: PS/2 Controller [PNP0303:PS2K,PNP0f03:PS2M] at 0x60,0x64 irq 1,12
[    3.397258] serio: i8042 KBD port at 0x60,0x64 irq 1
[    3.398217] serio: i8042AAUX port at 0x60,0x64 irq 12
[    3.457716] mousedev: PS/2 mouse device common for all mice
[    3.460258] input: AT Translated Set 2 keyboard as /devices/plaffrrm/i8042/serio0/input/input2
[    3.507568] rtc_cmos rtc_cmos: rtc core: registered rtc_cmos as rtc0
[    3.510774] rtc_cmos rtc_cmos: alarms up to one day, 114 bytes nvram
[    3.512162] i2c /dev entries driver
[    3.529557] device-mapper: uevent: version 1.0.3
[    3.531879] device-mapper: ioctl: 4.34.0-ioctl (2015-10-28) initialised: dm-devel@redhat.com
[    3.542807] ledtrig-cpu: registered to indicate activity on CPUs
[    3.544908] NET: Registered protocol family 10
[    3.546345] NET: Registered protocol family 17
[    3.547448] Key type dns_resolver registered
[    3.549104] registered taskstats version 1
[    3.550157] Loading compiled-in X.509 certificates
[    3.552055] Loaded X.509 cert 'Build time autogenerated kernel key: 7c9fb337b82e5a343493fe891c556beae1895c7c'
[    3.555347] zswap: loaded using pool lzo/zbud
[    3.568733] Key type trusted registered
[    3.581326] Key type encrypted registered
[    3.588045] AppArmor: AppArmor sha1 policy hashing enabled
[    3.589177] ima: No TPM chip found, activating TPM-bypass!
[    3.602717] ima: Allocated hash algorithm: sha1
[    3.604711] evm: HMAC attrs: 0x1
[    3.605923]   Magic number: 7:541:703
[    3.606911] rtc_cmos rtc_cmos: setting system clock to 2019-06-29 21:40:42 UTC (1561844442)
[    3.6447] BIOS EDD facility v0.16 2004-Jun-25, 0 devices found
[    3.687651] EDD information not avaibl.
[    3.774781] Freeing unused kernel memory: 1528K
[    3.798964] Write protecting the kernel read-only data: 14336k
[    3.901985] Freeing unused kernel memory: 1660K
[    3.903126] Freeing unused kernel memory: 88K
[    3.905108] tsc: Refined TSC clocksource calibration: 3392.157 MHz
[    3.918849] clocksource: tsc: mask: 0xffffffffffffffff max_cycles: 0x30e55dbf3d1, max_idle_ns: 440795245429 ns
Loading, please wait...
starting version[    3.938787] random: systemd-udevd: uninitialized urandom read (16 bytes read, 2 bits of entropy available)
 229
[    3.939607] random: udevadm: uninitialized urandom read (16 bytes read, 2 bits of entropy available)
[    3.939632] random: udevadm: uninitialized urandom read (16 bytes read, 2 bits of entropy available)
[    3.949627] random: udevadm: uninitialized urandom read (16 bytes read, 2 bits of entropy available)
[    3.949666] random: udevadm: uninitialized urandom read (16 bytes read, 2 bits of entropy available)
[    3.949809] random: udevadm: uninitialized urandom read (16 bytes read, 2 bits of entropy available)
[    3.949858] random: udevadm: uninitialized urandom read (16 bytes read, 2 bits of entropy available)
[    3.949899] random: udevadm: uninitialized urandom read (16 bytes read, 2 bits of entropy available)
[    3.949939] random: udevadm: uninitialized urandom read (16 bytes read, 2 bits of entropy available)
[    3.949977] random: udevadm: uninitialized urandom read (16 bytes read, 2 bits of entropy available)
[    4.078469] e1000: Intel(R) PRO/1000 Network Driver - version 7.3.21-k8-NAPI
[    4.090117] e1000: Copyright (c) 1999-2006 Intel Corporation.
[    4.114952] Fusion MPT base driver 3.04.20
[    4.130093] Copyright (c) 1999-2008 LSI Corporation
[    4.151974] Fusion MPT SPI Host driver 3.04.20
[    4.182806] AVX2 version of gcm_enc/dec engaged.
[    4.192447] AES CTR mode by8 optimization enabled
[    4.318237] input: ImExPS/2 Generic Explorer Mouse as /devices/platform/i8042/serio1/input/input4
[    4.532566] e1000 0000:00:03.0 eth0: (PCI:33MHz:32-bit) 02:9c:d2:53:c1:d1
[    4.542839] e1000 0000:00:03.0 eth0: Intel(R) PRO/1000 Network Connection
[    4.894749] e1000 0000:00:08.0 eth1: (PCI:33MHz:32-bit) 08:00:27:43:c8:93
[    4.899102] e1000 0000:00:08.0 eth1: Intel(R) PRO/1000 Network Connection
[    4.911518] e1000 0000:00:03.0 enp0s3: renamed from eth0
[    4.924371] mptbase: ioc0: Initiating bringup
[    4.933303] e1000 0000:00:08.0 enp0s8: renamed from eth1
[    4.999169] ioc0: LSI53C1030 A0: Capabilities={Initiator}
[    5.898205] scsi host2: ioc0: LSI53C1030 A0, FwRev=00000000h, Ports=1, MaxQ=256, IRQ=20
[    6.451322] scsi 2:0:0:0: Direct-Access     VBOX     HARDDISK         1.0  PQ: 0 ANSI: 5
[    6.461017] scsi target2:0:0: Beginning Domain Validation
[    6.476465] scsi target2:0:0: Domain Validation skipping write tests
[    6.477677] scsi target2:0:0: Ending Domain Validation
[    6.478554] scsi target2:0:0: asynchronous
[    6.479957] scsi 2:0:1:0: Direct-Access     VBOX     HARDDISK         1.0  PQ: 0 ANSI: 5
[    6.486977] scsi target2:0:1: Beginning Domain Validation
[    6.488844] scsi target2:0:1: Domain Validation skipping write tests
[    6.561567] scsi target2:0:1: Ending Domain Validation
[    6.624109] scsi target2:0:1: asynchronous
[    6.916319] sd 2:0:0:0: Attached scsi generic sg0 type 0
[    6.925128] sd 2:0:0:0: [sda] 20971520 512-byte logical blocks: (10.7 GB/10.0 GiB)
[    6.931460] sd 2:0:0:0: [sda] Write Protect is off
[    6.931703] sd 2:0:1:0: Attached scsi generic sg1 type 0
[    6.931851] sd 2:0:1:0: [sdb] 20480 512-byte logical blocks: (10.5 MB/10.0 MiB)
[    6.931984] sd 2:0:1:0: [sdb] Write Protect is off
[    6.932093] sd 2:0:1:0: [sdb] Incomplete mode parameter data
[    6.932094] sd 2:0:1:0: [sdb] Assuming drive cache: write through
[    6.958794] sd 2:0:1:0: [sdb] Attached SCSI disk
[    7.013495] sd 2:0:0:0: [sda] Incomplete mode parameter data
[    7.020795] sd 2:0:0:0: [sda] Assuming drive cache: write through
[    7.035785]  sda: sda1
[    7.038010] sd 2:0:0:0: [sda] Attached SCSI disk
Begin: Loading e[    8.344387] md: linear personality registered for level -1
ssential drivers ... [    8.356669] md: multipath personality registered for level -4
[    8.360840] md: raid0 personality registered for level 0
[    8.391914] md: raid1 personality registered for level 1
[    8.469924] raid6: sse2x1   gen() 10423 MB/s
[    8.577254] raid6: sse2x1   xor()  8114 MB/s
[    8.685326] raid6: sse2x2   gen() 12739 MB/s
[    8.758716] raid6: sse2x2   xor()  8721 MB/s
[    8.849428] raid6: sse2x4   gen() 14818 MB/s
[    8.917238] raid6: sse2x4   xor() 10555 MB/s
[    9.081136] raid6: avx2x1   gen() 18882 MB/s
[    9.217473] raid6: avx2x2   gen() 23173 MB/s
[    9.309267] raid6: avx2x4   gen() 27021 MB/s
[    9.338899] raid6: using algorithm avx2x4 gen() 27021 MB/s
[    9.342197] raid6: using avx2x2 recovery algorithm
[    9.399252] xor: automatically using best checksumming function:
[    9.445058]    avx       : 27266.000 MB/sec
[    9.452681] async_tx: api initialized (async)
[    9.466695] md: raid6 personality registered for level 6
[    9.485695] md: raid5 personality registered for level 5
[    9.486876] md: raid4 personality registered for level 4
[    9.495219] md: raid10 personality registered for level 10
done.
Begin: Running /scripts/init-premount ... done.
Begin: Mounting root file system ... Begin: Running /scripts/local-top ... done.
Begin: Running /scripts/local-premount ... [    9.532453] Btrfs loaded
Scanning for Btrfs filesystems
done.
Warning: fsck not present, so skipping root file system
[    9.632367] EXT4-fs (sda1): mounted filesystem with ordered data mode. Opts: (null)
done.
Begin: Running /scripts/local-bottom ... done.
Begin: Running /scripts/init-bottom ... done.
[    9.975773] systemd[1]: systemd 229 running in system mode. (+PAM +AUDIT +SELINUX +IMA +APPARMOR +SMACK +SYSVINIT +UTMP +LIBCRYPTSETUP +GCRYPT +GNUTLS +ACL +XZ -LZ4 +SECCOMP +BLKID +ELFUTILS +KMOD -IDN)
[    9.980652] systemd[1]: Detected virtualization oracle.
[   10.002172] systemd[1]: Detected architecture x86-64.

Welcome to [1mUbuntu 16.04.5 LTS[0m!

[   10.049898] systemd[1]: Set hostname to <ubuntu>.
[   10.083632] systemd[1]: Initializing machine ID from random generator.
[   10.090649] systemd[1]: Installed transient /etc/machine-id file.
[   10.556005] systemd[1]: Reached target Encrypted Volumes.
[[0;32m  OK  [0m] Reached target Encrypted Volumes.
[   10.585605] systemd[1]: Listening on Journal Socket (/dev/log).
[[0;32m  OK  [0m] Listening on Journal Socket (/dev/log).
[   10.597377] systemd[1]: Created slice System Slice.
[[0;32m  OK  [0m] Created slice System Slice.
[   10.610037] systemd[1]: Reached target System Time Synchronized.
[[0;32m  OK  [0m] Reached target System Time Synchronized.
[   10.628164] systemd[1]: Reached target Swap.
[[0;32m  OK  [0m] Reached target Swap.
[   10.641306] systemd[1]: Listening on /dev/initctl Compatibility Named Pipe.
[[0;32m  OK  [0m] Listening on /dev/initctl Compatibility Named Pipe.
[   10.673400] systemd[1]: Listening on LVM2 poll daemon socket.
[[0;32m  OK  [0m] Listening on LVM2 poll daemon socket.
[   10.701627] systemd[1]: Listening on Syslog Socket.
[[0;32m  OK  [0m] Listening on Syslog Socket.
[   10.711461] systemd[1]: Listening on Journal Audit Socket.
[[0;32m  OK  [0m] Listening on Journal Audit Socket.
[   10.744825] systemd[1]: Listening on Journal Socket.
[[0;32m  OK  [0m] Listening on Journal Socket.
[   10.777425] systemd[1]: Starting Load Kernel Modules...
         Starting Load Kernel Modules...
[   10.796974] systemd[1]: Starting Uncomplicated firewall...
[   10.833137] Loading iSCSI transport class v2.0-870.
         Starting Uncomplicated firewall...
[   10.835753] systemd[1]: Starting Set console keymap...
         Starting Set console keymap...
[   10.863843] systemd[1]: Mounting POSIX Message Queue File System...
         Mountin[   10.867512] random: nonblocking pool is initialized
g POSIX Message Queue File System...
[   10.871587] systemd[1]: Starting Journal Service...
         Starting Journal Service...
[   10.891799] systemd[1]: Mounting Huge Pages File System...
[   10.908268] iscsi: registered transport (tcp)
         Mounting Huge Pages File System...
[   10.914308] systemd[1]: Starting Create list of required static device nodes for the current kernel...
         Starting Create list of required st... nodes for the current kernel...
[   10.925364] systemd[1]: Starting Nameserver information manager...
         Starting Nameserver information manager...
[   10.969257] systemd[1]: Listening on LVM2 metadata daemon socket.
[[0;32m  OK  [0m] Listening on LVM2 metadata daemon socket.
[   10.976569] systemd[1]: Set up automount Arbitrary Executable File Formats File System Automount Point.
[[0;32m  OK  [0m] Set up automount Arbitrary Executab...ats File System Automount Point.
[   11.017857] systemd[1]: Reached target User and Group Name Lookups.
[[0;32m  OK  [0m] Reached target U[   11.032765] iscsi: registered transport (iser)
ser and Group Name Lookups.
[   11.045215] systemd[1]: Mounting Debug File System...
         Mounting Debug File System...
[   11.055968] systemd[1]: Starting Remount Root and Kernel File Systems...
         [   11.067299] EXT4-fs (sda1): re-mounted. Opts: (null)
Starting Remount Root and Kernel File Systems...
[   11.159687] systemd[1]: Listening on udev Control Socket.
[[0;32m  OK  [0m] Listening on udev Control Socket.
[   11.166709] systemd[1]: Listening on Device-mapper event daemon FIFOs.
[[0;32m  OK  [0m] Listening on Device-mapper event daemon FIFOs.
[   11.197262] systemd[1]: Starting Monitoring of LVM2 mirrors, snapshots etc. using dmeventd or progress polling...
         Starting Monitoring of LVM2 mirrors... dmeventd or progress polling...
[   11.218983] systemd[1]: Started Forward Password Requests to Wall Directory Watch.
[[0;32m  OK  [0m] Started Forward Password Requests to Wall Directory Watch.
[   11.223281] systemd[1]: Listening on udev Kernel Socket.
[[0;32m  OK  [0m] Listening on udev Kernel Socket.
[   11.229797] systemd[1]: Started Trigger resolvconf update for networkd DNS.
[[0;32m  OK  [0m] Started Trigger resolvconf update for networkd DNS.
[   11.233532] systemd[1]: Created slice system-serial\x2dgetty.slice.
[[0;32m  OK  [0m] Created slice system-serial\x2dgetty.slice.
[   11.244763] systemd[1]: Created slice User and Session Slice.
[[0;32m  OK  [0m] Created slice User and Session Slice.
[   11.282545] systemd[1]: Reached target Slices.
[[0;32m  OK  [0m] Reached target Slices.
[  1.52803] systemd[1]: Mounted Debug File System.
[[0;32m  OK  [0m] Mounted Debug File System.
[   11.434064] systemd[1]: Mounted Huge Pages File System.
[[0;32m  OK  [0m] Mounted Huge Pages File System.
[   11.436535] systemd[1]: Mounted POSIX Message Queue File System.
[[0;32m  OK  [0m] Mounted POSIX Message Queue File System.
[   11.449739] systemd[1]: Started Journal Service.
[[0;32m  OK  [0m] Started Journal Service.
[[0;32m  OK  [0m] Started Load Kernel Modules.
[[0;32m  OK  [0m] Started Uncomplicated firewall.
[[0;32m  OK  [0m] Started Set console keymap.
[[0;32m  OK  [0m] Started Create list of required sta...ce nodes for the current kernel.
[[0;32m  OK  [0m] Started Remount Root and Kernel File Systems.
[[0;32m  OK  [0m] Started Nameserver information manager.
[[0;32m  OK  [0m] Started LVM2 metadata daemon.
         Starting udev Coldplug all Devices...
         Starting Load/Save Random Seed...
         Starting Create Static Device Nodes in /dev...
         Starting Apply Kernel Variables...
         Mounting FUSE Control File System...
         Starting Flush Journal to Persistent Storage...
[[0;32m  OK  [0m] Mounted FUSE Control File System.
[[0;32m  OK  [0m] Started Load/Save Random Seed.
[[0;32m  OK  [0m] Started Apply Kernel Variables.
[[0;32m  OK  [0m] Started udev Coldplug all Devices.
[[0;32m  OK  [0m] Started Create Static Device Nodes in /dev.
[[0;32m  OK  [0m] Started Monitoring of LVM2 mirrors,...ng dmeventd or progress polling.
         Starting udev Kernel Device Manager...
[[0;32m  OK  [0m] Reached target Local File Systems (Pre).
[[0;32m  OK  [0m] Reached target Local File Systems.
         Starting LSB: AppArmor initialization...
         Starting Tell Plymouth To Write Out Runtime Data...
         Starting Initial cloud-init job (pre-networking)...
         Starting Set console font and keymap...
         Starting Commit a transient machine-id on disk...
[[0;32m  OK  [0m] Started Flush Journal to Persistent Storage.
         Starting Create Volatile Files and Directories...
[[0;32m  OK  [0m] Started Commit a transient machine-id on disk.
[[0;32m  OK  [0m] Started Tell Plymouth To Write Out Runtime Data.
[[0;32m  OK  [0m] Started Create Volatile Files and Directories.
         Starting Update UTMP about System Boot/Shutdown...
[[0;32m  OK  [0m] Started Update UTMP about System Boot/Shutdown.
[[0;32m  OK  [0m] Started udev Kernel Device Manager.
[[0;32m  OK  [0m] Started Dispatch Password Requests to Console Directory Watch.
[[0;32m  OK  [0m] Found device /dev/ttyS0.
[[0;32m  OK  [0m] Started Set console font and keymap.
[[0;32m  OK  [0m] Created slice system-getty.slice.
[[0;32m  OK  [0m] Listening on Load/Save RF Kill Switch Status /dev/rfkill Watch.
[[0;32m  OK  [0m] Started LSB: AppArmor initialization.
[   12.737667] cloud-init[467]: Cloud-init v. 18.4-0ubuntu1~16.04.2 running 'init-local' at Sat, 29 Jun 2019 21:40:52 +0000. Up 12.35 seconds.
[[0;32m  OK  [0m] Started Initial cloud-init job (pre-networking).
[[0;32m  OK  [0m] Reached target Network (Pre).
         Starting Raise network interfaces...
[[0;32m  OK  [0m] Started Raise network interfaces.
[[0;32m  OK  [0m] Reached target Network.
         Starting Initial cloud-init job (metadata service crawler)...
[   14.774293] cloud-init[937]: Cloud-init v. 18.4-0ubuntu1~16.04.2 running 'init' at Sat, 29 Jun 2019 21:40:54 +0000. Up 13.64 seconds.
[   14.783120] cloud-init[937]: ci-info: ++++++++++++++++++++++++++++++++++++++Net device info+++++++++++++++++++++++++++++++++++++++
[   14.787888] cloud-init[937]: ci-info: +--------+-------+----------------------------+---------------+--------+-------------------+
[   14.792576] cloud-init[937]: ci-info: | Device |   Up  |          Address           |      Mask     | Scope  |     Hw-Address    |
[   14.801309] cloud-init[937]: ci-info: +--------+-------+----------------------------+---------------+--------+-------------------+
[   14.846449] cloud-init[937]: ci-info: | enp0s3 |  True |         10.0.2.15          | 255.255.255.0 | global | 02:9c:d2:53:c1:d1 |
[[0;32m  OK  [0m] Started Initial cloud-init job (metadata service crawler).
[   14.868474] cloud-init[937]: ci-info: | enp0s3 |  True | fe80::9c:d2ff:fe53:c1d1/64 |       .       |  link  | 02:9c:d2:53:c1:d1 |[[0;32m  OK  [0m] Reached target System Initialization.

[   14.881808] cloud-init[937]: ci-info: | enp0s8 | False |             .              |       .       |   .    | 08:00:27:43:c8:93 |
[[0;32m  OK  [0m] Started ACPI Events Check.
[[0;32m  OK  [0m] Reached target Paths.
[[0;32m  OK  [0m] Listening on ACPID Listen Socket.
[[0;32m  OK  [0m] Listening on D-Bus System Message Bus Socket.
[[0;32m  OK  [0m] Listening on UUID daemon activation socket.
[   14.882337] cloud-init[937]: ci-info: |   lo   |  True |         127.0.0.1          |   255.0.0.0   |  host  |         .         |
[   14.958723]          Starting LXD - unix socket.
[[0;32m  OK  [0m] Started Daily Cleanup of Temporary Directories.
cloud-init[937]: ci-info: |   lo   |  True |          ::1/128           |       .       |  host  |         .         |
[   14.977131] [cloud-init[0;32m  OK  [0m[937]: ] ci-info: +--------+-------+----------------------------+---------------+--------+-------------------+Started Daily apt download activities.

[   14.977598] [cloud-init[0;32m  OK  [0m[937]: ] ci-info: +++++++++++++++++++++++++++Route IPv4 info++++++++++++++++++++++++++++Started Daily apt upgrade and clean activities.

[   15.039151] [[0;32m  OK  [0m] Reached target Timers.
         Starting Socket activation for snappy daemon.
[[0;32m  OK  [0m] Reached target Cloud-config availability.
[[0;32m  OK  [0m] Reached target Network is Online.
cloud-init[937]: ci-info: +-------+-------------+----------+---------------+-----------+-------+
[   15.075379]          Starting iSCSI initiator daemon (iscsid)...
cloud-init[937]: ci-info: | Route | Destination | Gateway  |    Genmask    | Interface | Flags |
[[0;32m  OK  [0m] Listening on LXD - unix socket.
[   15.079984] cloud-init[937]: ci-info: +-------+-------------+----------+---------------+-----------+-------+
[   15.145636] [cloud-init[0;32m  OK  [0m[937]: ] ci-info: |   0   |   0.0.0.0   | 10.0.2.2 |    0.0.0.0    |   enp0s3  |   UG  |Listening on Socket activation for snappy daemon.

[   15.146176] cloud-init[937]: ci-info: |   1   |   10.0.2.0  | 0.0.0.0  | 255.255.255.0 |   enp0s3  |   U   |
[   15.288333] [cloud-init[0;32m  OK  [0m[937]: ] ci-info: +-------+-------------+----------+---------------+-----------+-------+Started iSCSI initiator daemon (iscsid).

[   15.320884]          cloud-initStarting Login to default iSCSI targets...[937]: 
ci-info: +++++++++++++++++++Route IPv6 info+++++++++++++++++++
[   15.336129] [[0;32m  OK  [0m] Reached target Sockets.
[[0;32m  OK  [0m] Reached target Basic System.
cloud-init[937]: ci-info: +-------+-------------+---------+-----------+-------+
[   15.358850] cloud-init[937]: ci-info: | Route | Destination | Gateway | Interface | Flags |
[   15.377785] [cloud-init[0;32m  OK  [0m[937]: ] ci-info: +-------+-------------+---------+-----------+-------+Started ACPI event daemon.

[   15.409156]          cloud-initStarting /etc/rc.local Compatibility...[937]: 
ci-info: |   0   |  fe80::/64  |    ::   |   enp0s3  |   U   |
         Starting Virtualbox guest utils...
         Starting LXD - container startup/shutdown...
[[0;32m  OK  [0m] Started Deferred execution scheduler.
[[0;32m  OK  [0m] Started Unattended Upgrades Shutdown.
         Starting LSB: Record successful boot for GRUB...
[   15.429134] cloud-init[937]: ci-info: |   3   |   ff00::/8  |    ::   |   enp0s3  |   U   |
[   15.468518]          Starting Snappy daemon...
cloud-init[937]: ci-info: +-------+-------------+---------+-----------+-------+
[   15.472361] cloud-init[937]: Generating public/private rsa key pair.
[   15.478083] cloud-init[937]: Your identification has been saved in /etc/ssh/ssh_host_rsa_key.         Starting LSB: MD monitoring daemon...

[   15.482654] cloud-init[937]: Your public key has been saved in /etc/ssh/ssh_host_rsa_key.pub.
[   15.487577] cloud-init[937]: The key fingerprint is:
[   15.503719]          Starting Pollinate to seed the pseudo random number generator...
cloud-init[937]: SHA256:ODuDbqM36X/w0+VtoSnCoVlgrIqegjmbgdpjQNxAE78 root@ubuntu-xenial
[   15.509460]          Starting Accounts Service...
cloud-init[937]: The key's randomart image is:
[   15.528293] [[0;32m  OK  [0m] Started Regular background program processing daemon.
cloud-init[937]: +---[RSA 2048]----+
[[0;32m  OK  [0m] Started D-Bus System Message Bus.
[   15.552055] cloud-init[937]: |.+.              |
[   15.580430] cloud-init[937]: | .o              |
[   15.581861] cloud-init[937]: |. o. .           |
[   15.661911] cloud-init[937]: | o .. +.         |
[   15.665615] cloud-init[937]: |.  E oo.S        |
[   15.667102] cloud-init[937]: |o   ...oo   . .  |
[   15.690111] cloud-init[937]: |++ ...+B o o + . |
[   15.693689] cloud-init[937]: |B+=.* oo* o + o  |
[   15.696677] cloud-init[937]: |**o*o+.. o . .   |
[   15.702242] cloud-init[937]: +----[SHA256]-----+
[   15.712975] cloud-init[937]: Generating public/private dsa key pair.
[   15.714663] cloud-init[937]: Your identification has been saved in /etc/ssh/ssh_host_dsa_key.
[   15.722380] cloud-init[937]: Your public key has been saved in /etc/ssh/ssh_host_dsa_key.pub.
[   15.731752] cloud-init[937]: The key fingerprint is:
[   15.738662] cloud-init[937]: SHA256:Lft+9LX00XVfXnykMiB8NFpueK9l0P8AtXhban49D7M root@ubuntu-xenial
[   15.752634] cloud-init[937]: The key's randomart image is:
[   15.785251] cloud-init[937]: +---[DSA 1024]----+
[   15.827221] cloud-init[937]: |       . .+   .  |
[   15.831388] cloud-init[937]: |        o=oo o ..|
[   15.833210] cloud-init[937]: |        oo=.+ o+.|
[   15.834947] cloud-init[937]: |         + oo+.+B|
[   15.838060] cloud-init[937]: |        S . +o*.O|
[   15.839588] cloud-init[937]: |         o +.o =*|
[   15.862150] cloud-init[937]: |        . .. .=oB|
[   15.881937] cloud-init[937]: |         .  . .*+|
[   15.883926] cloud-init[937]: |         .o.  E .|
[   15.886183] cloud-init[937]: +----[SHA256]-----+
[   15.932336] cloud-init[937]: Generating public/private ecdsa key pair.
[   15.952147]          cloud-initStarting Login Service...[937]: 
Your identification has been saved in /etc/ssh/ssh_host_ecdsa_key.
[   16.006440] [[0;32m  OK  [0m] Started FUSE filesystem for LXC.
cloud-init[937]: Your public key has been saved in /etc/ssh/ssh_host_ecdsa_key.pub.
[   16.013238] cloud-init[937]: The key fingerprint is:
         Starting System Logging Service...
[   16.021593] cloud-init[937]: SHA256:Iq5retcO07W0+hL/4xR8jGXKunMombLsAZvXZLbe+PE root@ubuntu-xenial
[   16.087949] [cloud-init[0;32m  OK  [0m[937]: ] The key's randomart image is:Started /etc/rc.local Compatibility.

[   16.099747] cloud-init[937]: +---[ECDSA 256]---+
[   16.101963] cloud-init[937]: |                 |
[   16.112313] cloud-init[937]: |                 |
[   16.127444] cloud-init[937]: |            o    |
[   16.148214] cloud-init[937]: |         o *     |
[   16.149683] cloud-init[937]: |  . . = S * o    |
[   16.151367] cloud-init[937]: |   = B.= + o     |
[   16.153093] cloud-init[937]: |  o *.+==..      |
[   16.159219] cloud-init[937]: |  o+o=*++=o      |
[   16.163617] cloud-init[937]: |.+o+++====E.     |
[   16.167087] cloud-init[937]: +----[SHA256]-----+
[   16.170312] cloud-init[937]: Generating public/private ed25519 key pair.
[   16.184223] cloud-init[937]: Your identification has been saved in /etc/ssh/ssh_host_ed25519_key.
[   16.196495] cloud-init[937]: Your public key has been saved in /etc/ssh/ssh_host_ed25519_key.pub.
[   16.199243] cloud-init[937]: The key fingerprint is:
[   16.224924] [cloud-init[0;32m  OK  [0m[937]: ] SHA256:v8b8/vsuUttNlcvAGYG3xxAwVHzmfztfTHXOISTuVEc root@ubuntu-xenialStarted Login Service.

[   16.225959] cloud-init[937]: The key's randomart image is:
[   16.248287]          cloud-initStarting Authenticate and Authorize Users to Run Privileged Tasks...[937]: 
+--[ED25519 256]--+
[   16.258056] [[0;32m  OK  [0m] Started LSB: Record successful boot for GRUB.
cloud-init[937]: |          .==*+E |
[   16.265317] cloud-init[937]: |          ..==.o |
[   16.272253] cloud-init[937]: |           oo.X.+|
[   16.273768] cloud-init[937]: |          o  =.B=|
[   16.277534] [[0;32m  OK  [0m] Started Login to default iSCSI targets.
cloud-init[937]: |        S  .  + B|
[   16.280595] [[0;32m  OK  [0m] Reached target Remote File Systems (Pre).
[[0;32m  OK  [0m] Reached target Remote File Systems.
cloud-init[937]: |         .    .=+|
[   16.380307]          Starting LSB: daemon to balance interrupts for SMP systems...
cloud-init[937]: |         o.  . +*|
[   16.387727] cloud-init[937]: |          +.. oo+|
[   16.406814]          Starting Permit User Sessions...
cloud-init[937]: |         ..oooo=*|
         Starting LSB: Set the CPU Frequency Scaling governor to "ondemand"...
[   16.431945] cloud-init[937]: +----[SHA256]-----+
         Starting LSB: automatic crash report generation...
[[0;32m  OK  [0m] Started System Logging Service.
[[0;32m  OK  [0m] Started LSB: MD monitoring daemon.
[[0;32m  OK  [0m] Started Permit User Sessions.
[[0;32m  OK  [0m] Started Authenticate and Authorize Users to Run Privileged Tasks.
[[0;32m  OK  [0m] Started Accounts Service.
         Starting Terminate Plymouth Boot Screen...
         Starting Hold until boot process finishes up...
[[0;32m  OK  [0m] Started Virtualbox guest utils.
[[0;32m  OK  [0m] Started LSB: daemon to balance interrupts for SMP systems.
[[0;32m  OK  [0m] Started LSB: Set the CPU Frequency Scaling governor to "ondemand".
[[0;32m  OK  [0m] Started Terminate Plymouth Boot Screen.
[[0;32m  OK  [0m] Started Hold until boot process finishes up.
[[0;32m  OK  [0m] Started Getty on tty1.
[[0;32m  OK  [0m] Started Serial Getty on ttyS0.
[[0;32m  OK  [0m] Reached target Login Prompts.
         Starting Set console scheme...
[[0;32m  OK  [0m] Started LSB: automatic crash report generation.
[[0;32m  OK  [0m] Started Set console scheme.
[[0;32m  OK  [0m] Started LXD - container startup/shutdown.
[[0;32m  OK  [0m] Started Snappy daemon.
         Starting Wait until snapd is fully seeded...
[[0;32m  OK  [0m] Started Pollinate to seed the pseudo random number generator.
         Starting OpenBSD Secure Shell server...
[[0;32m  OK  [0m] Started OpenBSD Secure Shell server.
[[0;32m  OK  [0m] Created slice User Slice of vagrant.
         Starting User Manager for UID 1000...
[[0;32m  OK  [0m] Started Session 1 of user vagrant.
[[0;32m  OK  [0m] Started User Manager for UID 1000.
[[0;32m  OK  [0m] Started Wait until snapd is fully seeded.
         Starting Apply the settings specified in cloud-config...
[[0;32m  OK  [0m] Reached target Multi-User System.
[[0;32m  OK  [0m] Reached target Graphical Interface.
         Starting Update UTMP about System Runlevel Changes...
[[0;32m  OK  [0m] Started Update UTMP about System Runlevel Changes.
[   18.927682] cloud-init[1314]: Generating locales (this might take a while)...
[   19.958614] cloud-init[1314]:   en_US.UTF-8... done
[   19.968215] cloud-init[1314]: Generation complete.
[   20.551362] cloud-init[1314]: Cloud-init v. 18.4-0ubuntu1~16.04.2 running 'modules:config' at Sat, 29 Jun 2019 21:40:59 +0000. Up 18.76 seconds.
[[0;32m  OK  [0m] Started Apply the settings specified in cloud-config.
         Starting Execute cloud user/final scripts...
ci-info: no authorized ssh keys fingerprints found for user ubuntu.
<14>Jun 29 21:41:01 ec2: 
<14>Jun 29 21:41:01 ec2: #############################################################
<14>Jun 29 21:41:01 ec2: -----BEGIN SSH HOST KEY FINGERPRINTS-----
<14>Jun 29 21:41:01 ec2: 1024 SHA256:Lft+9LX00XVfXnykMiB8NFpueK9l0P8AtXhban49D7M root@ubuntu-xenial (DSA)
<14>Jun 29 21:41:01 ec2: 256 SHA256:Iq5retcO07W0+hL/4xR8jGXKunMombLsAZvXZLbe+PE root@ubuntu-xenial (ECDSA)
<14>Jun 29 21:41:01 ec2: 256 SHA256:v8b8/vsuUttNlcvAGYG3xxAwVHzmfztfTHXOISTuVEc root@ubuntu-xenial (ED25519)
<14>Jun 29 21:41:01 ec2: 2048 SHA256:ODuDbqM36X/w0+VtoSnCoVlgrIqegjmbgdpjQNxAE78 root@ubuntu-xenial (RSA)
<14>Jun 29 21:41:01 ec2: -----END SSH HOST KEY FINGERPRINTS-----
<14>Jun 29 21:41:01 ec2: #############################################################
-----BEGIN SSH HOST KEY KEYS-----
ecdsa-sha2-nistp256 AAAAE2VjZHNhLXNoYTItbmlzdHAyNTYAAAAIbmlzdHAyNTYAAABBBL7wkVmsC/VSZ1phZto/8j3Ks49nP+DTfZGPVg6nLSKZuFWDKW8+NvI0aB4MEkanS/XvG88i75SSXrgZBnv1H2c= root@ubuntu-xenial
ssh-ed25519 AAAAC3NzaC1lZDI1NTE5AAAAIJryhXN8dj+URnI2jaoolnov0eVA2wmJDLC42LCbvH6X root@ubuntu-xenial
ssh-rsa AAAAB3NzaC1yc2EAAAADAQABAAABAQDXWasco75vEvltuTX1occLdy0EUDJeK33oyG60Jjk2PBejinfjDvfaRB3frfBDjyZfCFVqAlz402ZkmRIf/tp60j5wYU0V+0y87XCpx8tYuLTWswwRagVnIHvakE39uRskle9dmsDyVn2Jx6W4mSW/oeXlQSLQpxg3rZmwKTmwbaUGwzMNgZY1jKyr2t0H8WJSMNLdoacdpRkI7kxeHELyEp76JKzgfrP65FUTs30n7nRwabJXWfLpN1F5f3SLeT5kJfmYw5VJugQ8kn7GdthPBgwHaIvlNJ/eu8BWCRtrwPozUJq+a9+TFmSY8K1Nt9BdYal02b4W+9CRDsVWkNan root@ubuntu-xenial
-----END SSH HOST KEY KEYS-----
[   21.193747] cloud-init[1418]: Cloud-init v. 18.4-0ubuntu1~16.04.2 running 'modules:final' at Sat, 29 Jun 2019 21:41:01 +0000. Up 20.86 seconds.
[[0;32m  OK  [0m] Started Execute cloud user/final scripts.
[   21.306313] cloud-init[1418]: ci-info: no authorized ssh keys fingerprints found for user ubuntu.
[[0;32m  OK  [0m] Reached target Cloud-init target.
[   21.336023] cloud-init[1418]: Cloud-init v. 18.4-0ubuntu1~16.04.2 finished at Sat, 29 Jun 2019 21:41:01 +0000. Datasource DataSourceNoCloud [seed=/dev/sdb][dsmode=net].  Up 21.18 seconds

Ubuntu 16.04.5 LTS ubuntu-xenial ttyS0

ubuntu-xenial login: [49113.120972] NMI watchdog: BUG: soft lockup - CPU#1 stuck for 21s! [vminfo:13126]
[50544.190302] NMI watchdog: BUG: soft lockup - CPU#0 stuck for 21s! [timesync:13125]
[50544.190304] NMI watchdog: BUG: soft lockup - CPU#1 stuck for 21s! [vminfo:13126]
[51881.123779] NMI watchdog: BUG: soft lockup - CPU#1 stuck for 34s! [vminfo:13126]
